0 info it worked if it ends with ok
1 verbose cli [ 'node', '/usr/local/bin/npm', 'update', 'npm', '-g' ]
2 info using npm@1.3.24
3 info using node@v0.10.25
4 verbose url raw npm/latest
5 verbose url resolving [ 'https://registry.npmjs.org/', './npm/latest' ]
6 verbose url resolved https://registry.npmjs.org/npm/latest
7 info trying registry request attempt 1 at 00:57:08
8 http GET https://registry.npmjs.org/npm/latest
9 http 200 https://registry.npmjs.org/npm/latest
10 silly registry.get cb [ 200,
10 silly registry.get   { date: 'Sun, 16 Feb 2014 05:57:09 GMT',
10 silly registry.get     server: 'CouchDB/1.5.0 (Erlang OTP/R16B)',
10 silly registry.get     etag: '"A82WFUCFKH9BBI5YWC4E5EL6V"',
10 silly registry.get     'content-type': 'application/json',
10 silly registry.get     via: '1.1 varnish',
10 silly registry.get     'cache-control': 'max-age=1',
10 silly registry.get     'content-length': '15601',
10 silly registry.get     'accept-ranges': 'bytes',
10 silly registry.get     age: '21044',
10 silly registry.get     'x-served-by': 'cache-v44-ASH, cache-jfk1028-JFK',
10 silly registry.get     'x-cache': 'HIT, HIT',
10 silly registry.get     'x-cache-hits': '1, 1',
10 silly registry.get     'x-timer': 'S1392509695.527515650,VS0,VS2,VE76,VE20534033',
10 silly registry.get     vary: 'Accept',
10 silly registry.get     'keep-alive': 'timeout=10, max=50',
10 silly registry.get     connection: 'Keep-Alive' } ]
11 verbose cache add [ 'npm', '*' ]
12 verbose cache add name="npm" spec="*" args=["npm","*"]
13 verbose parsed url { protocol: null,
13 verbose parsed url   slashes: null,
13 verbose parsed url   auth: null,
13 verbose parsed url   host: null,
13 verbose parsed url   port: null,
13 verbose parsed url   hostname: null,
13 verbose parsed url   hash: null,
13 verbose parsed url   search: null,
13 verbose parsed url   query: null,
13 verbose parsed url   pathname: '*',
13 verbose parsed url   path: '*',
13 verbose parsed url   href: '*' }
14 verbose addNamed [ 'npm', '*' ]
15 verbose addNamed [ null, '*' ]
16 silly lockFile 1bad3a65-npm npm@*
17 verbose lock npm@* /Users/kitsune/.npm/1bad3a65-npm.lock
18 silly addNameRange { name: 'npm', range: '*', hasData: false }
19 verbose url raw npm
20 verbose url resolving [ 'https://registry.npmjs.org/', './npm' ]
21 verbose url resolved https://registry.npmjs.org/npm
22 info trying registry request attempt 1 at 00:57:09
23 verbose etag "A82WFUCFKH9BBI5YWC4E5EL6V"
24 http GET https://registry.npmjs.org/npm
25 http 304 https://registry.npmjs.org/npm
26 silly registry.get cb [ 304,
26 silly registry.get   { date: 'Sun, 16 Feb 2014 05:57:14 GMT',
26 silly registry.get     server: 'Apache',
26 silly registry.get     connection: 'Keep-Alive',
26 silly registry.get     'keep-alive': 'timeout=10, max=50',
26 silly registry.get     etag: '"A82WFUCFKH9BBI5YWC4E5EL6V"',
26 silly registry.get     'cache-control': 'max-age=1',
26 silly registry.get     vary: 'Accept' } ]
27 verbose etag npm from cache
28 silly addNameRange number 2 { name: 'npm', range: '*', hasData: true }
29 silly addNameRange versions [ 'npm',
29 silly addNameRange   [ '1.1.25',
29 silly addNameRange     '1.2.32',
29 silly addNameRange     '1.3.2',
29 silly addNameRange     '1.3.4',
29 silly addNameRange     '1.2.20',
29 silly addNameRange     '1.2.21',
29 silly addNameRange     '1.2.22',
29 silly addNameRange     '1.2.23',
29 silly addNameRange     '1.2.24',
29 silly addNameRange     '1.2.25',
29 silly addNameRange     '1.2.27',
29 silly addNameRange     '1.2.28',
29 silly addNameRange     '1.2.30',
29 silly addNameRange     '1.2.31',
29 silly addNameRange     '1.3.0',
29 silly addNameRange     '1.3.1',
29 silly addNameRange     '1.2.19',
29 silly addNameRange     '1.1.70',
29 silly addNameRange     '1.1.71',
29 silly addNameRange     '1.3.5',
29 silly addNameRange     '1.3.6',
29 silly addNameRange     '1.3.7',
29 silly addNameRange     '1.3.8',
29 silly addNameRange     '1.3.9',
29 silly addNameRange     '1.3.10',
29 silly addNameRange     '1.3.11',
29 silly addNameRange     '1.3.12',
29 silly addNameRange     '1.3.13',
29 silly addNameRange     '1.3.14',
29 silly addNameRange     '1.3.15',
29 silly addNameRange     '1.3.16',
29 silly addNameRange     '1.3.17',
29 silly addNameRange     '1.3.18',
29 silly addNameRange     '1.3.20',
29 silly addNameRange     '1.3.21',
29 silly addNameRange     '1.3.22',
29 silly addNameRange     '1.3.23',
29 silly addNameRange     '1.3.24',
29 silly addNameRange     '1.3.25',
29 silly addNameRange     '1.3.26',
29 silly addNameRange     '1.4.0',
29 silly addNameRange     '1.4.1',
29 silly addNameRange     '1.4.2' ] ]
30 verbose addNamed [ 'npm', '1.4.2' ]
31 verbose addNamed [ '1.4.2', '1.4.2' ]
32 silly lockFile 8319e068-npm-1-4-2 npm@1.4.2
33 verbose lock npm@1.4.2 /Users/kitsune/.npm/8319e068-npm-1-4-2.lock
34 silly lockFile 8319e068-npm-1-4-2 npm@1.4.2
35 silly lockFile 8319e068-npm-1-4-2 npm@1.4.2
36 silly lockFile 1bad3a65-npm npm@*
37 silly lockFile 1bad3a65-npm npm@*
38 info outdated updating [ [ '/usr/local/lib', 'npm', '1.3.24', '1.4.2', '1.4.2', '*' ] ]
39 verbose install where,what [ '/usr/local/lib', [ 'npm@1.4.2' ] ]
40 verbose cache add [ 'npm@1.4.2', null ]
41 verbose cache add name=undefined spec="npm@1.4.2" args=["npm@1.4.2",null]
42 verbose parsed url { protocol: null,
42 verbose parsed url   slashes: null,
42 verbose parsed url   auth: null,
42 verbose parsed url   host: null,
42 verbose parsed url   port: null,
42 verbose parsed url   hostname: null,
42 verbose parsed url   hash: null,
42 verbose parsed url   search: null,
42 verbose parsed url   query: null,
42 verbose parsed url   pathname: 'npm@1.4.2',
42 verbose parsed url   path: 'npm@1.4.2',
42 verbose parsed url   href: 'npm@1.4.2' }
43 verbose cache add name="npm" spec="1.4.2" args=["npm","1.4.2"]
44 verbose parsed url { protocol: null,
44 verbose parsed url   slashes: null,
44 verbose parsed url   auth: null,
44 verbose parsed url   host: null,
44 verbose parsed url   port: null,
44 verbose parsed url   hostname: null,
44 verbose parsed url   hash: null,
44 verbose parsed url   search: null,
44 verbose parsed url   query: null,
44 verbose parsed url   pathname: '1.4.2',
44 verbose parsed url   path: '1.4.2',
44 verbose parsed url   href: '1.4.2' }
45 verbose addNamed [ 'npm', '1.4.2' ]
46 verbose addNamed [ '1.4.2', '1.4.2' ]
47 silly lockFile 8319e068-npm-1-4-2 npm@1.4.2
48 verbose lock npm@1.4.2 /Users/kitsune/.npm/8319e068-npm-1-4-2.lock
49 verbose url raw npm/1.4.2
50 verbose url resolving [ 'https://registry.npmjs.org/', './npm/1.4.2' ]
51 verbose url resolved https://registry.npmjs.org/npm/1.4.2
52 info trying registry request attempt 1 at 00:57:15
53 verbose etag "A82WFUCFKH9BBI5YWC4E5EL6V"
54 http GET https://registry.npmjs.org/npm/1.4.2
55 http 304 https://registry.npmjs.org/npm/1.4.2
56 silly registry.get cb [ 304,
56 silly registry.get   { date: 'Sun, 16 Feb 2014 05:57:15 GMT',
56 silly registry.get     server: 'Apache',
56 silly registry.get     connection: 'Keep-Alive',
56 silly registry.get     'keep-alive': 'timeout=10, max=50',
56 silly registry.get     etag: '"A82WFUCFKH9BBI5YWC4E5EL6V"',
56 silly registry.get     'cache-control': 'max-age=1',
56 silly registry.get     vary: 'Accept' } ]
57 verbose etag npm/1.4.2 from cache
58 silly lockFile 8319e068-npm-1-4-2 npm@1.4.2
59 silly lockFile 8319e068-npm-1-4-2 npm@1.4.2
60 silly resolved [ { version: '1.4.2',
60 silly resolved     name: 'npm',
60 silly resolved     publishConfig: { 'proprietary-attribs': false },
60 silly resolved     description: 'A package manager for node',
60 silly resolved     keywords: [ 'package manager', 'modules', 'install', 'package.json' ],
60 silly resolved     preferGlobal: true,
60 silly resolved     config: { publishtest: false },
60 silly resolved     homepage: 'https://npmjs.org/doc/',
60 silly resolved     author:
60 silly resolved      { name: 'Isaac Z. Schlueter',
60 silly resolved        email: 'i@izs.me',
60 silly resolved        url: 'http://blog.izs.me' },
60 silly resolved     repository: { type: 'git', url: 'https://github.com/npm/npm' },
60 silly resolved     bugs:
60 silly resolved      { url: 'http://github.com/npm/npm/issues',
60 silly resolved        email: 'npm-@googlegroups.com' },
60 silly resolved     directories: { doc: './doc', man: './man', lib: './lib', bin: './bin' },
60 silly resolved     main: './lib/npm.js',
60 silly resolved     bin: { npm: './bin/npm-cli.js' },
60 silly resolved     dependencies:
60 silly resolved      { semver: '~2.2.1',
60 silly resolved        ini: '~1.1.0',
60 silly resolved        slide: '~1.1.5',
60 silly resolved        abbrev: '~1.0.4',
60 silly resolved        'graceful-fs': '~2.0.0',
60 silly resolved        minimatch: '~0.2.14',
60 silly resolved        nopt: '~2.1.2',
60 silly resolved        rimraf: '~2.2.5',
60 silly resolved        request: '~2.30.0',
60 silly resolved        which: '1',
60 silly resolved        tar: '~0.1.19',
60 silly resolved        fstream: '~0.1.25',
60 silly resolved        'block-stream': '0.0.7',
60 silly resolved        mkdirp: '~0.3.5',
60 silly resolved        read: '~1.0.4',
60 silly resolved        'lru-cache': '~2.5.0',
60 silly resolved        'node-gyp': '~0.12.2',
60 silly resolved        'fstream-npm': '~0.1.6',
60 silly resolved        'uid-number': '0',
60 silly resolved        archy: '0',
60 silly resolved        chownr: '0',
60 silly resolved        npmlog: '0.0.6',
60 silly resolved        ansi: '~0.2.1',
60 silly resolved        'npm-registry-client': '~0.4.2',
60 silly resolved        'read-package-json': '~1.1.7',
60 silly resolved        'read-installed': '~0.2.2',
60 silly resolved        glob: '~3.2.6',
60 silly resolved        'init-package-json': '0.0.14',
60 silly resolved        osenv: '0',
60 silly resolved        lockfile: '~0.4.0',
60 silly resolved        retry: '~0.6.0',
60 silly resolved        once: '~1.3.0',
60 silly resolved        npmconf: '~0.1.12',
60 silly resolved        opener: '~1.3.0',
60 silly resolved        chmodr: '~0.1.0',
60 silly resolved        'cmd-shim': '~1.1.1',
60 silly resolved        sha: '~1.2.1',
60 silly resolved        editor: '0.0.5',
60 silly resolved        'child-process-close': '~0.1.1',
60 silly resolved        'npm-user-validate': '0.0.3',
60 silly resolved        'github-url-from-git': '1.1.1',
60 silly resolved        'github-url-from-username-repo': '0.0.2',
60 silly resolved        'text-table': '~0.2.0',
60 silly resolved        ansicolors: '~0.3.2',
60 silly resolved        ansistyles: '~0.1.3',
60 silly resolved        'path-is-inside': '~1.0.0',
60 silly resolved        columnify: '0.1.2',
60 silly resolved        'npm-install-checks': '~1.0.0' },
60 silly resolved     bundleDependencies:
60 silly resolved      [ 'semver',
60 silly resolved        'ini',
60 silly resolved        'slide',
60 silly resolved        'abbrev',
60 silly resolved        'graceful-fs',
60 silly resolved        'minimatch',
60 silly resolved        'nopt',
60 silly resolved        'rimraf',
60 silly resolved        'request',
60 silly resolved        'which',
60 silly resolved        'tar',
60 silly resolved        'fstream',
60 silly resolved        'block-stream',
60 silly resolved        'inherits',
60 silly resolved        'mkdirp',
60 silly resolved        'read',
60 silly resolved        'lru-cache',
60 silly resolved        'node-gyp',
60 silly resolved        'fstream-npm',
60 silly resolved        'uid-number',
60 silly resolved        'archy',
60 silly resolved        'chownr',
60 silly resolved        'npmlog',
60 silly resolved        'ansi',
60 silly resolved        'npm-registry-client',
60 silly resolved        'read-package-json',
60 silly resolved        'read-installed',
60 silly resolved        'glob',
60 silly resolved        'init-package-json',
60 silly resolved        'osenv',
60 silly resolved        'lockfile',
60 silly resolved        'retry',
60 silly resolved        'once',
60 silly resolved        'npmconf',
60 silly resolved        'opener',
60 silly resolved        'chmodr',
60 silly resolved        'cmd-shim',
60 silly resolved        'sha',
60 silly resolved        'child-process-close',
60 silly resolved        'editor',
60 silly resolved        'npm-user-validate',
60 silly resolved        'github-url-from-git',
60 silly resolved        'github-url-from-username-repo',
60 silly resolved        'normalize-package-data',
60 silly resolved        'text-table',
60 silly resolved        'ansicolors',
60 silly resolved        'ansistyles',
60 silly resolved        'path-is-inside',
60 silly resolved        'columnify',
60 silly resolved        'npm-install-checks' ],
60 silly resolved     devDependencies: { ronn: '~0.3.6', tap: '~0.4.0', 'npm-registry-mock': '~0.5.8' },
60 silly resolved     engines: { node: '>=0.8', npm: '1' },
60 silly resolved     scripts:
60 silly resolved      { test: 'node ./test/run.js && tap test/tap/*.js',
60 silly resolved        tap: 'tap test/tap/*.js',
60 silly resolved        prepublish: 'node bin/npm-cli.js prune --prefix=. --no-global && rm -rf test/*/*/node_modules && make -j32 doc',
60 silly resolved        dumpconf: 'env | grep npm | sort | uniq',
60 silly resolved        echo: 'node bin/npm-cli.js' },
60 silly resolved     license: 'Artistic-2.0',
60 silly resolved     man:
60 silly resolved      [ '/Users/kitsune/.npm/npm/1.4.2/package/man/man1/npm-README.1',
60 silly resolved        '/Users/kitsune/.npm/npm/1.4.2/package/man/man1/npm-adduser.1',
60 silly resolved        '/Users/kitsune/.npm/npm/1.4.2/package/man/man1/npm-bin.1',
60 silly resolved        '/Users/kitsune/.npm/npm/1.4.2/package/man/man1/npm-bugs.1',
60 silly resolved        '/Users/kitsune/.npm/npm/1.4.2/package/man/man1/npm-build.1',
60 silly resolved        '/Users/kitsune/.npm/npm/1.4.2/package/man/man1/npm-bundle.1',
60 silly resolved        '/Users/kitsune/.npm/npm/1.4.2/package/man/man1/npm-cache.1',
60 silly resolved        '/Users/kitsune/.npm/npm/1.4.2/package/man/man1/npm-completion.1',
60 silly resolved        '/Users/kitsune/.npm/npm/1.4.2/package/man/man1/npm-config.1',
60 silly resolved        '/Users/kitsune/.npm/npm/1.4.2/package/man/man1/npm-dedupe.1',
60 silly resolved        '/Users/kitsune/.npm/npm/1.4.2/package/man/man1/npm-deprecate.1',
60 silly resolved        '/Users/kitsune/.npm/npm/1.4.2/package/man/man1/npm-docs.1',
60 silly resolved        '/Users/kitsune/.npm/npm/1.4.2/package/man/man1/npm-edit.1',
60 silly resolved        '/Users/kitsune/.npm/npm/1.4.2/package/man/man1/npm-explore.1',
60 silly resolved        '/Users/kitsune/.npm/npm/1.4.2/package/man/man1/npm-help-search.1',
60 silly resolved        '/Users/kitsune/.npm/npm/1.4.2/package/man/man1/npm-help.1',
60 silly resolved        '/Users/kitsune/.npm/npm/1.4.2/package/man/man1/npm-init.1',
60 silly resolved        '/Users/kitsune/.npm/npm/1.4.2/package/man/man1/npm-install.1',
60 silly resolved        '/Users/kitsune/.npm/npm/1.4.2/package/man/man1/npm-link.1',
60 silly resolved        '/Users/kitsune/.npm/npm/1.4.2/package/man/man1/npm-ls.1',
60 silly resolved        '/Users/kitsune/.npm/npm/1.4.2/package/man/man1/npm-outdated.1',
60 silly resolved        '/Users/kitsune/.npm/npm/1.4.2/package/man/man1/npm-owner.1',
60 silly resolved        '/Users/kitsune/.npm/npm/1.4.2/package/man/man1/npm-pack.1',
60 silly resolved        '/Users/kitsune/.npm/npm/1.4.2/package/man/man1/npm-prefix.1',
60 silly resolved        '/Users/kitsune/.npm/npm/1.4.2/package/man/man1/npm-prune.1',
60 silly resolved        '/Users/kitsune/.npm/npm/1.4.2/package/man/man1/npm-publish.1',
60 silly resolved        '/Users/kitsune/.npm/npm/1.4.2/package/man/man1/npm-rebuild.1',
60 silly resolved        '/Users/kitsune/.npm/npm/1.4.2/package/man/man1/npm-repo.1',
60 silly resolved        '/Users/kitsune/.npm/npm/1.4.2/package/man/man1/npm-restart.1',
60 silly resolved        '/Users/kitsune/.npm/npm/1.4.2/package/man/man1/npm-rm.1',
60 silly resolved        '/Users/kitsune/.npm/npm/1.4.2/package/man/man1/npm-root.1',
60 silly resolved        '/Users/kitsune/.npm/npm/1.4.2/package/man/man1/npm-run-script.1',
60 silly resolved        '/Users/kitsune/.npm/npm/1.4.2/package/man/man1/npm-search.1',
60 silly resolved        '/Users/kitsune/.npm/npm/1.4.2/package/man/man1/npm-shrinkwrap.1',
60 silly resolved        '/Users/kitsune/.npm/npm/1.4.2/package/man/man1/npm-star.1',
60 silly resolved        '/Users/kitsune/.npm/npm/1.4.2/package/man/man1/npm-stars.1',
60 silly resolved        '/Users/kitsune/.npm/npm/1.4.2/package/man/man1/npm-start.1',
60 silly resolved        '/Users/kitsune/.npm/npm/1.4.2/package/man/man1/npm-stop.1',
60 silly resolved        '/Users/kitsune/.npm/npm/1.4.2/package/man/man1/npm-submodule.1',
60 silly resolved        '/Users/kitsune/.npm/npm/1.4.2/package/man/man1/npm-tag.1',
60 silly resolved        '/Users/kitsune/.npm/npm/1.4.2/package/man/man1/npm-test.1',
60 silly resolved        '/Users/kitsune/.npm/npm/1.4.2/package/man/man1/npm-uninstall.1',
60 silly resolved        '/Users/kitsune/.npm/npm/1.4.2/package/man/man1/npm-unpublish.1',
60 silly resolved        '/Users/kitsune/.npm/npm/1.4.2/package/man/man1/npm-update.1',
60 silly resolved        '/Users/kitsune/.npm/npm/1.4.2/package/man/man1/npm-version.1',
60 silly resolved        '/Users/kitsune/.npm/npm/1.4.2/package/man/man1/npm-view.1',
60 silly resolved        '/Users/kitsune/.npm/npm/1.4.2/package/man/man1/npm-whoami.1',
60 silly resolved        '/Users/kitsune/.npm/npm/1.4.2/package/man/man1/npm.1',
60 silly resolved        '/Users/kitsune/.npm/npm/1.4.2/package/man/man3/npm-bin.3',
60 silly resolved        '/Users/kitsune/.npm/npm/1.4.2/package/man/man3/npm-bugs.3',
60 silly resolved        '/Users/kitsune/.npm/npm/1.4.2/package/man/man3/npm-commands.3',
60 silly resolved        '/Users/kitsune/.npm/npm/1.4.2/package/man/man3/npm-config.3',
60 silly resolved        '/Users/kitsune/.npm/npm/1.4.2/package/man/man3/npm-deprecate.3',
60 silly resolved        '/Users/kitsune/.npm/npm/1.4.2/package/man/man3/npm-docs.3',
60 silly resolved        '/Users/kitsune/.npm/npm/1.4.2/package/man/man3/npm-edit.3',
60 silly resolved        '/Users/kitsune/.npm/npm/1.4.2/package/man/man3/npm-explore.3',
60 silly resolved        '/Users/kitsune/.npm/npm/1.4.2/package/man/man3/npm-help-search.3',
60 silly resolved        '/Users/kitsune/.npm/npm/1.4.2/package/man/man3/npm-init.3',
60 silly resolved        '/Users/kitsune/.npm/npm/1.4.2/package/man/man3/npm-install.3',
60 silly resolved        '/Users/kitsune/.npm/npm/1.4.2/package/man/man3/npm-link.3',
60 silly resolved        '/Users/kitsune/.npm/npm/1.4.2/package/man/man3/npm-load.3',
60 silly resolved        '/Users/kitsune/.npm/npm/1.4.2/package/man/man3/npm-ls.3',
60 silly resolved        '/Users/kitsune/.npm/npm/1.4.2/package/man/man3/npm-outdated.3',
60 silly resolved        '/Users/kitsune/.npm/npm/1.4.2/package/man/man3/npm-owner.3',
60 silly resolved        '/Users/kitsune/.npm/npm/1.4.2/package/man/man3/npm-pack.3',
60 silly resolved        '/Users/kitsune/.npm/npm/1.4.2/package/man/man3/npm-prefix.3',
60 silly resolved        '/Users/kitsune/.npm/npm/1.4.2/package/man/man3/npm-prune.3',
60 silly resolved        '/Users/kitsune/.npm/npm/1.4.2/package/man/man3/npm-publish.3',
60 silly resolved        '/Users/kitsune/.npm/npm/1.4.2/package/man/man3/npm-rebuild.3',
60 silly resolved        '/Users/kitsune/.npm/npm/1.4.2/package/man/man3/npm-repo.3',
60 silly resolved        '/Users/kitsune/.npm/npm/1.4.2/package/man/man3/npm-restart.3',
60 silly resolved        '/Users/kitsune/.npm/npm/1.4.2/package/man/man3/npm-root.3',
60 silly resolved        '/Users/kitsune/.npm/npm/1.4.2/package/man/man3/npm-run-script.3',
60 silly resolved        '/Users/kitsune/.npm/npm/1.4.2/package/man/man3/npm-search.3',
60 silly resolved        '/Users/kitsune/.npm/npm/1.4.2/package/man/man3/npm-shrinkwrap.3',
60 silly resolved        '/Users/kitsune/.npm/npm/1.4.2/package/man/man3/npm-start.3',
60 silly resolved        '/Users/kitsune/.npm/npm/1.4.2/package/man/man3/npm-stop.3',
60 silly resolved        '/Users/kitsune/.npm/npm/1.4.2/package/man/man3/npm-submodule.3',
60 silly resolved        '/Users/kitsune/.npm/npm/1.4.2/package/man/man3/npm-tag.3',
60 silly resolved        '/Users/kitsune/.npm/npm/1.4.2/package/man/man3/npm-test.3',
60 silly resolved        '/Users/kitsune/.npm/npm/1.4.2/package/man/man3/npm-uninstall.3',
60 silly resolved        '/Users/kitsune/.npm/npm/1.4.2/package/man/man3/npm-unpublish.3',
60 silly resolved        '/Users/kitsune/.npm/npm/1.4.2/package/man/man3/npm-update.3',
60 silly resolved        '/Users/kitsune/.npm/npm/1.4.2/package/man/man3/npm-version.3',
60 silly resolved        '/Users/kitsune/.npm/npm/1.4.2/package/man/man3/npm-view.3',
60 silly resolved        '/Users/kitsune/.npm/npm/1.4.2/package/man/man3/npm-whoami.3',
60 silly resolved        '/Users/kitsune/.npm/npm/1.4.2/package/man/man3/npm.3',
60 silly resolved        '/Users/kitsune/.npm/npm/1.4.2/package/man/man5/npm-folders.5',
60 silly resolved        '/Users/kitsune/.npm/npm/1.4.2/package/man/man5/npm-global.5',
60 silly resolved        '/Users/kitsune/.npm/npm/1.4.2/package/man/man5/npm-json.5',
60 silly resolved        '/Users/kitsune/.npm/npm/1.4.2/package/man/man5/npmrc.5',
60 silly resolved        '/Users/kitsune/.npm/npm/1.4.2/package/man/man5/package.json.5',
60 silly resolved        '/Users/kitsune/.npm/npm/1.4.2/package/man/man7/npm-coding-style.7',
60 silly resolved        '/Users/kitsune/.npm/npm/1.4.2/package/man/man7/npm-config.7',
60 silly resolved        '/Users/kitsune/.npm/npm/1.4.2/package/man/man7/npm-developers.7',
60 silly resolved        '/Users/kitsune/.npm/npm/1.4.2/package/man/man7/npm-disputes.7',
60 silly resolved        '/Users/kitsune/.npm/npm/1.4.2/package/man/man7/npm-faq.7',
60 silly resolved        '/Users/kitsune/.npm/npm/1.4.2/package/man/man7/npm-index.7',
60 silly resolved        '/Users/kitsune/.npm/npm/1.4.2/package/man/man7/npm-registry.7',
60 silly resolved        '/Users/kitsune/.npm/npm/1.4.2/package/man/man7/npm-scripts.7',
60 silly resolved        '/Users/kitsune/.npm/npm/1.4.2/package/man/man7/removing-npm.7',
60 silly resolved        '/Users/kitsune/.npm/npm/1.4.2/package/man/man7/semver.7' ],
60 silly resolved     contributors:
60 silly resolved      [ [Object],
60 silly resolved        [Object],
60 silly resolved        [Object],
60 silly resolved        [Object],
60 silly resolved        [Object],
60 silly resolved        [Object],
60 silly resolved        [Object],
60 silly resolved        [Object],
60 silly resolved        [Object],
60 silly resolved        [Object],
60 silly resolved        [Object],
60 silly resolved        [Object],
60 silly resolved        [Object],
60 silly resolved        [Object],
60 silly resolved        [Object],
60 silly resolved        [Object],
60 silly resolved        [Object],
60 silly resolved        [Object],
60 silly resolved        [Object],
60 silly resolved        [Object],
60 silly resolved        [Object],
60 silly resolved        [Object],
60 silly resolved        [Object],
60 silly resolved        [Object],
60 silly resolved        [Object],
60 silly resolved        [Object],
60 silly resolved        [Object],
60 silly resolved        [Object],
60 silly resolved        [Object],
60 silly resolved        [Object],
60 silly resolved        [Object],
60 silly resolved        [Object],
60 silly resolved        [Object],
60 silly resolved        [Object],
60 silly resolved        [Object],
60 silly resolved        [Object],
60 silly resolved        [Object],
60 silly resolved        [Object],
60 silly resolved        [Object],
60 silly resolved        [Object],
60 silly resolved        [Object],
60 silly resolved        [Object],
60 silly resolved        [Object],
60 silly resolved        [Object],
60 silly resolved        [Object],
60 silly resolved        [Object],
60 silly resolved        [Object],
60 silly resolved        [Object],
60 silly resolved        [Object],
60 silly resolved        [Object],
60 silly resolved        [Object],
60 silly resolved        [Object],
60 silly resolved        [Object],
60 silly resolved        [Object],
60 silly resolved        [Object],
60 silly resolved        [Object],
60 silly resolved        [Object],
60 silly resolved        [Object],
60 silly resolved        [Object],
60 silly resolved        [Object],
60 silly resolved        [Object],
60 silly resolved        [Object],
60 silly resolved        [Object],
60 silly resolved        [Object],
60 silly resolved        [Object],
60 silly resolved        [Object],
60 silly resolved        [Object],
60 silly resolved        [Object],
60 silly resolved        [Object],
60 silly resolved        [Object],
60 silly resolved        [Object],
60 silly resolved        [Object],
60 silly resolved        [Object],
60 silly resolved        [Object],
60 silly resolved        [Object],
60 silly resolved        [Object],
60 silly resolved        [Object],
60 silly resolved        [Object],
60 silly resolved        [Object],
60 silly resolved        [Object],
60 silly resolved        [Object],
60 silly resolved        [Object],
60 silly resolved        [Object],
60 silly resolved        [Object],
60 silly resolved        [Object],
60 silly resolved        [Object],
60 silly resolved        [Object],
60 silly resolved        [Object],
60 silly resolved        [Object],
60 silly resolved        [Object],
60 silly resolved        [Object],
60 silly resolved        [Object],
60 silly resolved        [Object],
60 silly resolved        [Object],
60 silly resolved        [Object],
60 silly resolved        [Object],
60 silly resolved        [Object],
60 silly resolved        [Object],
60 silly resolved        [Object],
60 silly resolved        [Object],
60 silly resolved        [Object],
60 silly resolved        [Object],
60 silly resolved        [Object],
60 silly resolved        [Object],
60 silly resolved        [Object],
60 silly resolved        [Object],
60 silly resolved        [Object],
60 silly resolved        [Object],
60 silly resolved        [Object],
60 silly resolved        [Object],
60 silly resolved        [Object],
60 silly resolved        [Object],
60 silly resolved        [Object],
60 silly resolved        [Object],
60 silly resolved        [Object],
60 silly resolved        [Object] ],
60 silly resolved     readme: 'npm(1) -- node package manager\n==============================\n\n## SYNOPSIS\n\nThis is just enough info to get you up and running.\n\nMuch more info available via `npm help` once it\'s installed.\n\n## IMPORTANT\n\n**You need node v0.8 or higher to run this program.**\n\nTo install an old **and unsupported** version of npm that works on node 0.3\nand prior, clone the git repo and dig through the old tags and branches.\n\n## Super Easy Install\n\nnpm comes with node now.\n\n### Windows Computers\n\nGet the MSI.  npm is in it.\n\n### Apple Macintosh Computers\n\nGet the pkg.  npm is in it.\n\n### Other Sorts of Unices\n\nRun `make install`.  npm will be installed with node.\n\nIf you want a more fancy pants install (a different version, customized\npaths, etc.) then read on.\n\n## Fancy Install (Unix)\n\nThere\'s a pretty robust install script at\n<https://npmjs.org/install.sh>.  You can download that and run it.\n\n### Slightly Fancier\n\nYou can set any npm configuration params with that script:\n\n    npm_config_prefix=/some/path sh install.sh\n\nOr, you can run it in uber-debuggery mode:\n\n    npm_debug=1 sh install.sh\n\n### Even Fancier\n\nGet the code with git.  Use `make` to build the docs and do other stuff.\nIf you plan on hacking on npm, `make link` is your friend.\n\nIf you\'ve got the npm source code, you can also semi-permanently set\narbitrary config keys using the `./configure --key=val ...`, and then\nrun npm commands by doing `node cli.js <cmd> <args>`.  (This is helpful\nfor testing, or running stuff without actually installing npm itself.)\n\n## Fancy Windows Install\n\nYou can download a zip file from <https://npmjs.org/dist/>, and unpack it\nin the same folder where node.exe lives.\n\nIf that\'s not fancy enough for you, then you can fetch the code with\ngit, and mess with it directly.\n\n## Installing on Cygwin\n\nNo.\n\n## Permissions when Using npm to Install Other Stuff\n\n**tl;dr**\n\n* Use `sudo` for greater safety.  Or don\'t, if you prefer not to.\n* npm will downgrade permissions if it\'s root before running any build\n  scripts that package authors specified.\n\n### More details...\n\nAs of version 0.3, it is recommended to run npm as root.\nThis allows npm to change the user identifier to the `nobody` user prior\nto running any package build or test commands.\n\nIf you are not the root user, or if you are on a platform that does not\nsupport uid switching, then npm will not attempt to change the userid.\n\nIf you would like to ensure that npm **always** runs scripts as the\n"nobody" user, and have it fail if it cannot downgrade permissions, then\nset the following configuration param:\n\n    npm config set unsafe-perm false\n\nThis will prevent running in unsafe mode, even as non-root users.\n\n## Uninstalling\n\nSo sad to see you go.\n\n    sudo npm uninstall npm -g\n\nOr, if that fails,\n\n    sudo make uninstall\n\n## More Severe Uninstalling\n\nUsually, the above instructions are sufficient.  That will remove\nnpm, but leave behind anything you\'ve installed.\n\nIf you would like to remove all the packages that you have installed,\nthen you can use the `npm ls` command to find them, and then `npm rm` to\nremove them.\n\nTo remove cruft left behind by npm 0.x, you can use the included\n`clean-old.sh` script file.  You can run it conveniently like this:\n\n    npm explore npm -g -- sh scripts/clean-old.sh\n\nnpm uses two configuration files, one for per-user configs, and another\nfor global (every-user) configs.  You can view them by doing:\n\n    npm config get userconfig   # defaults to ~/.npmrc\n    npm config get globalconfig # defaults to /usr/local/etc/npmrc\n\nUninstalling npm does not remove configuration files by default.  You\nmust remove them yourself manually if you want them gone.  Note that\nthis means that future npm installs will not remember the settings that\nyou have chosen.\n\n## Using npm Programmatically\n\nIf you would like to use npm programmatically, you can do that.\nIt\'s not very well documented, but it *is* rather simple.\n\nMost of the time, unless you actually want to do all the things that\nnpm does, you should try using one of npm\'s dependencies rather than\nusing npm itself, if possible.\n\nEventually, npm will be just a thin cli wrapper around the modules\nthat it depends on, but for now, there are some things that you must\nuse npm itself to do.\n\n    var npm = require("npm")\n    npm.load(myConfigObject, function (er) {\n      if (er) return handlError(er)\n      npm.commands.install(["some", "args"], function (er, data) {\n        if (er) return commandFailed(er)\n        // command succeeded, and data might have some info\n      })\n      npm.on("log", function (message) { .... })\n    })\n\nThe `load` function takes an object hash of the command-line configs.\nThe various `npm.commands.<cmd>` functions take an **array** of\npositional argument **strings**.  The last argument to any\n`npm.commands.<cmd>` function is a callback.  Some commands take other\noptional arguments.  Read the source.\n\nYou cannot set configs individually for any single npm function at this\ntime.  Since `npm` is a singleton, any call to `npm.config.set` will\nchange the value for *all* npm commands in that process.\n\nSee `./bin/npm-cli.js` for an example of pulling config values off of the\ncommand line arguments using nopt.  You may also want to check out `npm\nhelp config` to learn about all the options you can set there.\n\n## More Docs\n\nCheck out the [docs](https://npmjs.org/doc/),\nespecially the [faq](https://npmjs.org/doc/faq.html).\n\nYou can use the `npm help` command to read any of them.\n\nIf you\'re a developer, and you want to use npm to publish your program,\nyou should [read this](https://npmjs.org/doc/developers.html)\n\n## Legal Stuff\n\n"npm" and "the npm registry" are owned by Isaac Z. Schlueter.\nAll rights reserved.  See the included LICENSE file for more details.\n\n"Node.js" and "node" are trademarks owned by Joyent, Inc.  npm is not\nofficially part of the Node.js project, and is neither owned by nor\nofficially affiliated with Joyent, Inc.\n\nThe packages in the npm registry are not part of npm itself, and are the\nsole property of their respective maintainers.  While every effort is\nmade to ensure accountability, there is absolutely no guarantee,\nwarrantee, or assertion made as to the quality, fitness for a specific\npurpose, or lack of malice in any given npm package.  Modules\npublished on the npm registry are not affiliated with or endorsed by\nJoyent, Inc., Isaac Z. Schlueter, Ryan Dahl, or the Node.js project.\n\nIf you have a complaint about a package in the npm registry, and cannot\nresolve it with the package owner, please express your concerns to\nIsaac Z. Schlueter at <i@izs.me>.\n\n### In plain english\n\nThis is mine; not my employer\'s, not Node\'s, not Joyent\'s, not Ryan\nDahl\'s.\n\nIf you publish something, it\'s yours, and you are solely accountable\nfor it.  Not me, not Node, not Joyent, not Ryan Dahl.\n\nIf other people publish something, it\'s theirs.  Not mine, not Node\'s,\nnot Joyent\'s, not Ryan Dahl\'s.\n\nYes, you can publish something evil.  It will be removed promptly if\nreported, and we\'ll lose respect for you.  But there is no vetting\nprocess for published modules.\n\nIf this concerns you, inspect the source before using packages.\n\n## BUGS\n\nWhen you find issues, please report them:\n\n* web:\n  <https://github.com/npm/npm/issues>\n* email:\n  <npm-@googlegroups.com>\n\nBe sure to include *all* of the output from the npm command that didn\'t work\nas expected.  The `npm-debug.log` file is also helpful to provide.\n\nYou can also look for isaacs in #node.js on irc://irc.freenode.net.  He\nwill no doubt tell you to put the output in a gist or email.\n\n## SEE ALSO\n\n* npm(1)\n* npm-faq(7)\n* npm-help(1)\n* npm-index(7)\n',
60 silly resolved     readmeFilename: 'README.md',
60 silly resolved     _id: 'npm@1.4.2',
60 silly resolved     _from: 'npm@1.4.2' } ]
61 info install npm@1.4.2 into /usr/local/lib
62 info installOne npm@1.4.2
63 info /usr/local/lib/node_modules/npm unbuild
64 info preuninstall npm@1.3.24
65 info uninstall npm@1.3.24
66 verbose true,/usr/local/lib/node_modules,/usr/local/lib/node_modules unbuild npm@1.3.24
67 verbose /usr/local/bin,[object Object] binRoot
68 info postuninstall npm@1.3.24
69 info /usr/local/lib/node_modules/npm unbuild
70 info preuninstall npm@1.3.24
71 info uninstall npm@1.3.24
72 verbose true,/usr/local/lib/node_modules,/usr/local/lib/node_modules unbuild npm@1.3.24
73 verbose /usr/local/bin,[object Object] binRoot
74 info postuninstall npm@1.3.24
75 error error rolling back Error: EACCES, unlink '/usr/local/lib/node_modules/npm'
75 error error rolling back  npm@1.4.2 { [Error: EACCES, unlink '/usr/local/lib/node_modules/npm']
75 error error rolling back   errno: 3,
75 error error rolling back   code: 'EACCES',
75 error error rolling back   path: '/usr/local/lib/node_modules/npm' }
76 error Error: EACCES, unlink '/usr/local/lib/node_modules/npm'
76 error  { [Error: EACCES, unlink '/usr/local/lib/node_modules/npm']
76 error   errno: 3,
76 error   code: 'EACCES',
76 error   path: '/usr/local/lib/node_modules/npm' }
77 error Please try running this command again as root/Administrator.
78 error System Darwin 13.0.0
79 error command "node" "/usr/local/bin/npm" "update" "npm" "-g"
80 error cwd /Users/kitsune/WebstormProjects/Tractor
81 error node -v v0.10.25
82 error npm -v 1.3.24
83 error path /usr/local/lib/node_modules/npm
84 error code EACCES
85 error errno 3
86 error stack Error: EACCES, unlink '/usr/local/lib/node_modules/npm'
87 verbose exit [ 3, true ]
